
  .   ____          _            __ _ _
 /\\ / ___'_ __ _ _(_)_ __  __ _ \ \ \ \
( ( )\___ | '_ | '_| | '_ \/ _` | \ \ \ \
 \\/  ___)| |_)| | | | | || (_| |  ) ) ) )
  '  |____| .__|_| |_|_| |_\__, | / / / /
 =========|_|==============|___/=/_/_/_/

 :: Spring Boot ::                (v3.3.4)

2024-11-27T19:12:29.683+07:00  INFO 19181 --- [           main] c.e.demo.AuthorizationServerApplication  : Starting AuthorizationServerApplication v0.0.1 using Java 21.0.5 with PID 19181 (/home/macygabr/Project/ProfileServer/build/libs/ProfileServer-0.0.1.jar started by macygabr in /home/macygabr/Project/ProfileServer)
2024-11-27T19:12:29.871+07:00  INFO 19181 --- [           main] c.e.demo.AuthorizationServerApplication  : No active profile set, falling back to 1 default profile: "default"
2024-11-27T19:13:03.784+07:00  INFO 19181 --- [           main] .s.d.r.c.RepositoryConfigurationDelegate : Bootstrapping Spring Data JPA repositories in DEFAULT mode.
2024-11-27T19:13:04.004+07:00  INFO 19181 --- [           main] .s.d.r.c.RepositoryConfigurationDelegate : Finished Spring Data repository scanning in 196 ms. Found 1 JPA repository interface.
2024-11-27T19:13:07.219+07:00  INFO 19181 --- [           main] o.s.b.w.embedded.tomcat.TomcatWebServer  : Tomcat initialized with port 2100 (http)
2024-11-27T19:13:07.261+07:00  INFO 19181 --- [           main] o.apache.catalina.core.StandardService   : Starting service [Tomcat]
2024-11-27T19:13:07.262+07:00  INFO 19181 --- [           main] o.apache.catalina.core.StandardEngine    : Starting Servlet engine: [Apache Tomcat/10.1.30]
2024-11-27T19:13:07.368+07:00  INFO 19181 --- [           main] o.a.c.c.C.[Tomcat].[localhost].[/]       : Initializing Spring embedded WebApplicationContext
2024-11-27T19:13:07.372+07:00  INFO 19181 --- [           main] w.s.c.ServletWebServerApplicationContext : Root WebApplicationContext: initialization completed in 36176 ms
2024-11-27T19:13:08.935+07:00  INFO 19181 --- [           main] o.hibernate.jpa.internal.util.LogHelper  : HHH000204: Processing PersistenceUnitInfo [name: default]
2024-11-27T19:13:09.254+07:00  INFO 19181 --- [           main] org.hibernate.Version                    : HHH000412: Hibernate ORM core version 6.5.3.Final
2024-11-27T19:13:09.413+07:00  INFO 19181 --- [           main] o.h.c.internal.RegionFactoryInitiator    : HHH000026: Second-level cache disabled
2024-11-27T19:13:10.760+07:00  INFO 19181 --- [           main] o.s.o.j.p.SpringPersistenceUnitInfo      : No LoadTimeWeaver setup: ignoring JPA class transformer
2024-11-27T19:13:10.874+07:00  INFO 19181 --- [           main] com.zaxxer.hikari.HikariDataSource       : HikariPool-1 - Starting...
2024-11-27T19:13:13.252+07:00  INFO 19181 --- [           main] com.zaxxer.hikari.pool.HikariPool        : HikariPool-1 - Added connection org.postgresql.jdbc.PgConnection@adc3344
2024-11-27T19:13:13.257+07:00  INFO 19181 --- [           main] com.zaxxer.hikari.HikariDataSource       : HikariPool-1 - Start completed.
2024-11-27T19:13:16.672+07:00  INFO 19181 --- [           main] o.h.e.t.j.p.i.JtaPlatformInitiator       : HHH000489: No JTA platform available (set 'hibernate.transaction.jta.platform' to enable JTA platform integration)
2024-11-27T19:13:17.727+07:00  INFO 19181 --- [           main] j.LocalContainerEntityManagerFactoryBean : Initialized JPA EntityManagerFactory for persistence unit 'default'
2024-11-27T19:13:19.433+07:00  WARN 19181 --- [           main] JpaBaseConfiguration$JpaWebConfiguration : spring.jpa.open-in-view is enabled by default. Therefore, database queries may be performed during view rendering. Explicitly configure spring.jpa.open-in-view to disable this warning
2024-11-27T19:13:21.093+07:00  INFO 19181 --- [           main] o.s.b.a.e.web.EndpointLinksResolver      : Exposing 1 endpoint beneath base path '/actuator'
2024-11-27T19:13:21.361+07:00  INFO 19181 --- [           main] o.s.b.w.embedded.tomcat.TomcatWebServer  : Tomcat started on port 2100 (http) with context path '/'
2024-11-27T19:13:23.537+07:00  INFO 19181 --- [           main] o.a.k.clients.consumer.ConsumerConfig    : ConsumerConfig values: 
	allow.auto.create.topics = true
	auto.commit.interval.ms = 5000
	auto.include.jmx.reporter = true
	auto.offset.reset = latest
	bootstrap.servers = [37.194.168.90:9092]
	check.crcs = true
	client.dns.lookup = use_all_dns_ips
	client.id = consumer-auth_service-1
	client.rack = 
	connections.max.idle.ms = 540000
	default.api.timeout.ms = 60000
	enable.auto.commit = false
	enable.metrics.push = true
	exclude.internal.topics = true
	fetch.max.bytes = 52428800
	fetch.max.wait.ms = 500
	fetch.min.bytes = 1
	group.id = auth_service
	group.instance.id = null
	group.protocol = classic
	group.remote.assignor = null
	heartbeat.interval.ms = 3000
	interceptor.classes = []
	internal.leave.group.on.close = true
	internal.throw.on.fetch.stable.offset.unsupported = false
	isolation.level = read_uncommitted
	key.deserializer = class org.apache.kafka.common.serialization.StringDeserializer
	max.partition.fetch.bytes = 1048576
	max.poll.interval.ms = 300000
	max.poll.records = 500
	metadata.max.age.ms = 300000
	metric.reporters = []
	metrics.num.samples = 2
	metrics.recording.level = INFO
	metrics.sample.window.ms = 30000
	partition.assignment.strategy = [class org.apache.kafka.clients.consumer.RangeAssignor, class org.apache.kafka.clients.consumer.CooperativeStickyAssignor]
	receive.buffer.bytes = 65536
	reconnect.backoff.max.ms = 1000
	reconnect.backoff.ms = 50
	request.timeout.ms = 30000
	retry.backoff.max.ms = 1000
	retry.backoff.ms = 100
	sasl.client.callback.handler.class = null
	sasl.jaas.config = null
	sasl.kerberos.kinit.cmd = /usr/bin/kinit
	sasl.kerberos.min.time.before.relogin = 60000
	sasl.kerberos.service.name = null
	sasl.kerberos.ticket.renew.jitter = 0.05
	sasl.kerberos.ticket.renew.window.factor = 0.8
	sasl.login.callback.handler.class = null
	sasl.login.class = null
	sasl.login.connect.timeout.ms = null
	sasl.login.read.timeout.ms = null
	sasl.login.refresh.buffer.seconds = 300
	sasl.login.refresh.min.period.seconds = 60
	sasl.login.refresh.window.factor = 0.8
	sasl.login.refresh.window.jitter = 0.05
	sasl.login.retry.backoff.max.ms = 10000
	sasl.login.retry.backoff.ms = 100
	sasl.mechanism = GSSAPI
	sasl.oauthbearer.clock.skew.seconds = 30
	sasl.oauthbearer.expected.audience = null
	sasl.oauthbearer.expected.issuer = null
	sasl.oauthbearer.jwks.endpoint.refresh.ms = 3600000
	sasl.oauthbearer.jwks.endpoint.retry.backoff.max.ms = 10000
	sasl.oauthbearer.jwks.endpoint.retry.backoff.ms = 100
	sasl.oauthbearer.jwks.endpoint.url = null
	sasl.oauthbearer.scope.claim.name = scope
	sasl.oauthbearer.sub.claim.name = sub
	sasl.oauthbearer.token.endpoint.url = null
	security.protocol = PLAINTEXT
	security.providers = null
	send.buffer.bytes = 131072
	session.timeout.ms = 45000
	socket.connection.setup.timeout.max.ms = 30000
	socket.connection.setup.timeout.ms = 10000
	ssl.cipher.suites = null
	ssl.enabled.protocols = [TLSv1.2, TLSv1.3]
	ssl.endpoint.identification.algorithm = https
	ssl.engine.factory.class = null
	ssl.key.password = null
	ssl.keymanager.algorithm = SunX509
	ssl.keystore.certificate.chain = null
	ssl.keystore.key = null
	ssl.keystore.location = null
	ssl.keystore.password = null
	ssl.keystore.type = JKS
	ssl.protocol = TLSv1.3
	ssl.provider = null
	ssl.secure.random.implementation = null
	ssl.trustmanager.algorithm = PKIX
	ssl.truststore.certificates = null
	ssl.truststore.location = null
	ssl.truststore.password = null
	ssl.truststore.type = JKS
	value.deserializer = class org.apache.kafka.common.serialization.StringDeserializer

2024-11-27T19:13:24.946+07:00  INFO 19181 --- [           main] o.a.k.c.t.i.KafkaMetricsCollector        : initializing Kafka metrics collector
2024-11-27T19:13:25.982+07:00  INFO 19181 --- [           main] o.a.kafka.common.utils.AppInfoParser     : Kafka version: 3.7.1
2024-11-27T19:13:25.983+07:00  INFO 19181 --- [           main] o.a.kafka.common.utils.AppInfoParser     : Kafka commitId: e2494e6ffb89f828
2024-11-27T19:13:25.983+07:00  INFO 19181 --- [           main] o.a.kafka.common.utils.AppInfoParser     : Kafka startTimeMs: 1732709605978
2024-11-27T19:13:25.998+07:00  INFO 19181 --- [           main] o.a.k.c.c.internals.LegacyKafkaConsumer  : [Consumer clientId=consumer-auth_service-1, groupId=auth_service] Subscribed to topic(s): user_info
2024-11-27T19:13:26.058+07:00  INFO 19181 --- [           main] o.a.k.clients.consumer.ConsumerConfig    : ConsumerConfig values: 
	allow.auto.create.topics = true
	auto.commit.interval.ms = 5000
	auto.include.jmx.reporter = true
	auto.offset.reset = latest
	bootstrap.servers = [37.194.168.90:9092]
	check.crcs = true
	client.dns.lookup = use_all_dns_ips
	client.id = consumer-apigateway-2
	client.rack = 
	connections.max.idle.ms = 540000
	default.api.timeout.ms = 60000
	enable.auto.commit = false
	enable.metrics.push = true
	exclude.internal.topics = true
	fetch.max.bytes = 52428800
	fetch.max.wait.ms = 500
	fetch.min.bytes = 1
	group.id = apigateway
	group.instance.id = null
	group.protocol = classic
	group.remote.assignor = null
	heartbeat.interval.ms = 3000
	interceptor.classes = []
	internal.leave.group.on.close = true
	internal.throw.on.fetch.stable.offset.unsupported = false
	isolation.level = read_uncommitted
	key.deserializer = class org.apache.kafka.common.serialization.StringDeserializer
	max.partition.fetch.bytes = 1048576
	max.poll.interval.ms = 300000
	max.poll.records = 500
	metadata.max.age.ms = 300000
	metric.reporters = []
	metrics.num.samples = 2
	metrics.recording.level = INFO
	metrics.sample.window.ms = 30000
	partition.assignment.strategy = [class org.apache.kafka.clients.consumer.RangeAssignor, class org.apache.kafka.clients.consumer.CooperativeStickyAssignor]
	receive.buffer.bytes = 65536
	reconnect.backoff.max.ms = 1000
	reconnect.backoff.ms = 50
	request.timeout.ms = 30000
	retry.backoff.max.ms = 1000
	retry.backoff.ms = 100
	sasl.client.callback.handler.class = null
	sasl.jaas.config = null
	sasl.kerberos.kinit.cmd = /usr/bin/kinit
	sasl.kerberos.min.time.before.relogin = 60000
	sasl.kerberos.service.name = null
	sasl.kerberos.ticket.renew.jitter = 0.05
	sasl.kerberos.ticket.renew.window.factor = 0.8
	sasl.login.callback.handler.class = null
	sasl.login.class = null
	sasl.login.connect.timeout.ms = null
	sasl.login.read.timeout.ms = null
	sasl.login.refresh.buffer.seconds = 300
	sasl.login.refresh.min.period.seconds = 60
	sasl.login.refresh.window.factor = 0.8
	sasl.login.refresh.window.jitter = 0.05
	sasl.login.retry.backoff.max.ms = 10000
	sasl.login.retry.backoff.ms = 100
	sasl.mechanism = GSSAPI
	sasl.oauthbearer.clock.skew.seconds = 30
	sasl.oauthbearer.expected.audience = null
	sasl.oauthbearer.expected.issuer = null
	sasl.oauthbearer.jwks.endpoint.refresh.ms = 3600000
	sasl.oauthbearer.jwks.endpoint.retry.backoff.max.ms = 10000
	sasl.oauthbearer.jwks.endpoint.retry.backoff.ms = 100
	sasl.oauthbearer.jwks.endpoint.url = null
	sasl.oauthbearer.scope.claim.name = scope
	sasl.oauthbearer.sub.claim.name = sub
	sasl.oauthbearer.token.endpoint.url = null
	security.protocol = PLAINTEXT
	security.providers = null
	send.buffer.bytes = 131072
	session.timeout.ms = 45000
	socket.connection.setup.timeout.max.ms = 30000
	socket.connection.setup.timeout.ms = 10000
	ssl.cipher.suites = null
	ssl.enabled.protocols = [TLSv1.2, TLSv1.3]
	ssl.endpoint.identification.algorithm = https
	ssl.engine.factory.class = null
	ssl.key.password = null
	ssl.keymanager.algorithm = SunX509
	ssl.keystore.certificate.chain = null
	ssl.keystore.key = null
	ssl.keystore.location = null
	ssl.keystore.password = null
	ssl.keystore.type = JKS
	ssl.protocol = TLSv1.3
	ssl.provider = null
	ssl.secure.random.implementation = null
	ssl.trustmanager.algorithm = PKIX
	ssl.truststore.certificates = null
	ssl.truststore.location = null
	ssl.truststore.password = null
	ssl.truststore.type = JKS
	value.deserializer = class org.apache.kafka.common.serialization.StringDeserializer

2024-11-27T19:13:26.060+07:00  INFO 19181 --- [           main] o.a.k.c.t.i.KafkaMetricsCollector        : initializing Kafka metrics collector
2024-11-27T19:13:26.088+07:00  INFO 19181 --- [           main] o.a.kafka.common.utils.AppInfoParser     : Kafka version: 3.7.1
2024-11-27T19:13:26.089+07:00  INFO 19181 --- [           main] o.a.kafka.common.utils.AppInfoParser     : Kafka commitId: e2494e6ffb89f828
2024-11-27T19:13:26.089+07:00  INFO 19181 --- [           main] o.a.kafka.common.utils.AppInfoParser     : Kafka startTimeMs: 1732709606088
2024-11-27T19:13:26.090+07:00  INFO 19181 --- [           main] o.a.k.c.c.internals.LegacyKafkaConsumer  : [Consumer clientId=consumer-apigateway-2, groupId=apigateway] Subscribed to topic(s): auth_response
2024-11-27T19:13:26.124+07:00  INFO 19181 --- [           main] c.e.demo.AuthorizationServerApplication  : Started AuthorizationServerApplication in 72.896 seconds (process running for 74.981)
2024-11-27T19:13:29.127+07:00  INFO 19181 --- [ntainer#1-0-C-1] org.apache.kafka.clients.Metadata        : [Consumer clientId=consumer-apigateway-2, groupId=apigateway] Cluster ID: rs0KtrdkQsGY2gwAHle7dQ
2024-11-27T19:13:29.128+07:00  INFO 19181 --- [ntainer#0-0-C-1] org.apache.kafka.clients.Metadata        : [Consumer clientId=consumer-auth_service-1, groupId=auth_service] Cluster ID: rs0KtrdkQsGY2gwAHle7dQ
2024-11-27T19:13:29.129+07:00  INFO 19181 --- [ntainer#1-0-C-1] o.a.k.c.c.internals.ConsumerCoordinator  : [Consumer clientId=consumer-apigateway-2, groupId=apigateway] Discovered group coordinator 37.194.168.90:9092 (id: 2147483646 rack: null)
2024-11-27T19:13:29.129+07:00  INFO 19181 --- [ntainer#0-0-C-1] o.a.k.c.c.internals.ConsumerCoordinator  : [Consumer clientId=consumer-auth_service-1, groupId=auth_service] Discovered group coordinator 37.194.168.90:9092 (id: 2147483646 rack: null)
2024-11-27T19:13:29.134+07:00  INFO 19181 --- [ntainer#1-0-C-1] o.a.k.c.c.internals.ConsumerCoordinator  : [Consumer clientId=consumer-apigateway-2, groupId=apigateway] (Re-)joining group
2024-11-27T19:13:29.134+07:00  INFO 19181 --- [ntainer#0-0-C-1] o.a.k.c.c.internals.ConsumerCoordinator  : [Consumer clientId=consumer-auth_service-1, groupId=auth_service] (Re-)joining group
2024-11-27T19:13:29.176+07:00  INFO 19181 --- [ntainer#1-0-C-1] o.a.k.c.c.internals.ConsumerCoordinator  : [Consumer clientId=consumer-apigateway-2, groupId=apigateway] Request joining group due to: need to re-join with the given member-id: consumer-apigateway-2-0211fd5f-aef5-4c2d-8350-b89c7a3ac823
2024-11-27T19:13:29.177+07:00  INFO 19181 --- [ntainer#1-0-C-1] o.a.k.c.c.internals.ConsumerCoordinator  : [Consumer clientId=consumer-apigateway-2, groupId=apigateway] (Re-)joining group
2024-11-27T19:13:29.178+07:00  INFO 19181 --- [ntainer#0-0-C-1] o.a.k.c.c.internals.ConsumerCoordinator  : [Consumer clientId=consumer-auth_service-1, groupId=auth_service] Request joining group due to: need to re-join with the given member-id: consumer-auth_service-1-e5a47453-bd27-4f39-9da6-b3293b79c4cc
2024-11-27T19:13:29.179+07:00  INFO 19181 --- [ntainer#0-0-C-1] o.a.k.c.c.internals.ConsumerCoordinator  : [Consumer clientId=consumer-auth_service-1, groupId=auth_service] (Re-)joining group
2024-11-27T19:13:30.371+07:00  INFO 19181 --- [ntainer#1-0-C-1] o.a.k.c.c.internals.ConsumerCoordinator  : [Consumer clientId=consumer-apigateway-2, groupId=apigateway] Successfully joined group with generation Generation{generationId=13, memberId='consumer-apigateway-2-0211fd5f-aef5-4c2d-8350-b89c7a3ac823', protocol='range'}
2024-11-27T19:13:30.925+07:00  INFO 19181 --- [ntainer#1-0-C-1] o.a.k.c.c.internals.ConsumerCoordinator  : [Consumer clientId=consumer-apigateway-2, groupId=apigateway] Successfully synced group in generation Generation{generationId=13, memberId='consumer-apigateway-2-0211fd5f-aef5-4c2d-8350-b89c7a3ac823', protocol='range'}
2024-11-27T19:13:30.932+07:00  INFO 19181 --- [ntainer#1-0-C-1] o.a.k.c.c.internals.ConsumerCoordinator  : [Consumer clientId=consumer-apigateway-2, groupId=apigateway] Notifying assignor about the new Assignment(partitions=[auth_response-0])
2024-11-27T19:13:30.943+07:00  INFO 19181 --- [ntainer#1-0-C-1] k.c.c.i.ConsumerRebalanceListenerInvoker : [Consumer clientId=consumer-apigateway-2, groupId=apigateway] Adding newly assigned partitions: auth_response-0
2024-11-27T19:13:30.978+07:00  INFO 19181 --- [ntainer#1-0-C-1] o.a.k.c.c.internals.ConsumerUtils        : Setting offset for partition auth_response-0 to the committed offset FetchPosition{offset=762, offsetEpoch=Optional.empty, currentLeader=LeaderAndEpoch{leader=Optional[37.194.168.90:9092 (id: 1 rack: null)], epoch=0}}
2024-11-27T19:13:30.986+07:00  INFO 19181 --- [ntainer#1-0-C-1] o.s.k.l.KafkaMessageListenerContainer    : apigateway: partitions assigned: [auth_response-0]
updateToken key: null value: {"status":false,"id":null,"token":"371cafe1-e48a-43f1-8cd0-54f11446659e","token_name":"custom-auth-token"}
2024-11-27T19:13:32.111+07:00  INFO 19181 --- [ntainer#0-0-C-1] o.a.k.c.c.internals.ConsumerCoordinator  : [Consumer clientId=consumer-auth_service-1, groupId=auth_service] Successfully joined group with generation Generation{generationId=299, memberId='consumer-auth_service-1-e5a47453-bd27-4f39-9da6-b3293b79c4cc', protocol='range'}
Hibernate: select u1_0.id,u1_0.name,u1_0.photourl,u1_0.token from users_info u1_0 where u1_0.id=?
2024-11-27T19:13:32.587+07:00  INFO 19181 --- [ntainer#0-0-C-1] o.a.k.c.c.internals.ConsumerCoordinator  : [Consumer clientId=consumer-auth_service-1, groupId=auth_service] Successfully synced group in generation Generation{generationId=299, memberId='consumer-auth_service-1-e5a47453-bd27-4f39-9da6-b3293b79c4cc', protocol='range'}
2024-11-27T19:13:32.588+07:00  INFO 19181 --- [ntainer#0-0-C-1] o.a.k.c.c.internals.ConsumerCoordinator  : [Consumer clientId=consumer-auth_service-1, groupId=auth_service] Notifying assignor about the new Assignment(partitions=[user_info-0])
2024-11-27T19:13:32.588+07:00  INFO 19181 --- [ntainer#0-0-C-1] k.c.c.i.ConsumerRebalanceListenerInvoker : [Consumer clientId=consumer-auth_service-1, groupId=auth_service] Adding newly assigned partitions: user_info-0
2024-11-27T19:13:32.598+07:00  INFO 19181 --- [ntainer#0-0-C-1] o.a.k.c.c.internals.ConsumerUtils        : Setting offset for partition user_info-0 to the committed offset FetchPosition{offset=1382, offsetEpoch=Optional.empty, currentLeader=LeaderAndEpoch{leader=Optional[37.194.168.90:9092 (id: 1 rack: null)], epoch=0}}
2024-11-27T19:13:32.598+07:00  INFO 19181 --- [ntainer#0-0-C-1] o.s.k.l.KafkaMessageListenerContainer    : auth_service: partitions assigned: [user_info-0]
user not found: 0
updateToken key: null value: {"status":false,"id":null,"token":"b292e755-36bb-4f33-9f2b-23f51a84c12e","token_name":"custom-auth-token"}
Hibernate: select u1_0.id,u1_0.name,u1_0.photourl,u1_0.token from users_info u1_0 where u1_0.id=?
user not found: 0
updateToken key: null value: {"status":false,"id":null,"token":"408ab3de-062e-4586-918e-bc42c836bc58","token_name":"custom-auth-token"}
Hibernate: select u1_0.id,u1_0.name,u1_0.photourl,u1_0.token from users_info u1_0 where u1_0.id=?
user not found: 0
updateToken key: null value: {"status":false,"id":null,"token":"c24824b9-7035-4b10-9d6c-6b142ff81653","token_name":"custom-auth-token"}
Hibernate: select u1_0.id,u1_0.name,u1_0.photourl,u1_0.token from users_info u1_0 where u1_0.id=?
Hibernate: select u1_0.id,u1_0.name,u1_0.photourl,u1_0.token from users_info u1_0 where u1_0.token=?
user not found: 0
getInfo: User found
2024-11-27T19:13:35.386+07:00  INFO 19181 --- [ntainer#0-0-C-1] o.a.k.clients.producer.ProducerConfig    : ProducerConfig values: 
	acks = -1
	auto.include.jmx.reporter = true
	batch.size = 16384
	bootstrap.servers = [37.194.168.90:9092]
	buffer.memory = 33554432
	client.dns.lookup = use_all_dns_ips
	client.id = producer-1
	compression.type = none
	connections.max.idle.ms = 540000
	delivery.timeout.ms = 120000
	enable.idempotence = true
	enable.metrics.push = true
	interceptor.classes = []
	key.serializer = class org.apache.kafka.common.serialization.StringSerializer
	linger.ms = 0
	max.block.ms = 60000
	max.in.flight.requests.per.connection = 5
	max.request.size = 1048576
	metadata.max.age.ms = 300000
	metadata.max.idle.ms = 300000
	metric.reporters = []
	metrics.num.samples = 2
	metrics.recording.level = INFO
	metrics.sample.window.ms = 30000
	partitioner.adaptive.partitioning.enable = true
	partitioner.availability.timeout.ms = 0
	partitioner.class = null
	partitioner.ignore.keys = false
	receive.buffer.bytes = 32768
	reconnect.backoff.max.ms = 1000
	reconnect.backoff.ms = 50
	request.timeout.ms = 30000
	retries = 2147483647
	retry.backoff.max.ms = 1000
	retry.backoff.ms = 100
	sasl.client.callback.handler.class = null
	sasl.jaas.config = null
	sasl.kerberos.kinit.cmd = /usr/bin/kinit
	sasl.kerberos.min.time.before.relogin = 60000
	sasl.kerberos.service.name = null
	sasl.kerberos.ticket.renew.jitter = 0.05
	sasl.kerberos.ticket.renew.window.factor = 0.8
	sasl.login.callback.handler.class = null
	sasl.login.class = null
	sasl.login.connect.timeout.ms = null
	sasl.login.read.timeout.ms = null
	sasl.login.refresh.buffer.seconds = 300
	sasl.login.refresh.min.period.seconds = 60
	sasl.login.refresh.window.factor = 0.8
	sasl.login.refresh.window.jitter = 0.05
	sasl.login.retry.backoff.max.ms = 10000
	sasl.login.retry.backoff.ms = 100
	sasl.mechanism = GSSAPI
	sasl.oauthbearer.clock.skew.seconds = 30
	sasl.oauthbearer.expected.audience = null
	sasl.oauthbearer.expected.issuer = null
	sasl.oauthbearer.jwks.endpoint.refresh.ms = 3600000
	sasl.oauthbearer.jwks.endpoint.retry.backoff.max.ms = 10000
	sasl.oauthbearer.jwks.endpoint.retry.backoff.ms = 100
	sasl.oauthbearer.jwks.endpoint.url = null
	sasl.oauthbearer.scope.claim.name = scope
	sasl.oauthbearer.sub.claim.name = sub
	sasl.oauthbearer.token.endpoint.url = null
	security.protocol = PLAINTEXT
	security.providers = null
	send.buffer.bytes = 131072
	socket.connection.setup.timeout.max.ms = 30000
	socket.connection.setup.timeout.ms = 10000
	ssl.cipher.suites = null
	ssl.enabled.protocols = [TLSv1.2, TLSv1.3]
	ssl.endpoint.identification.algorithm = https
	ssl.engine.factory.class = null
	ssl.key.password = null
	ssl.keymanager.algorithm = SunX509
	ssl.keystore.certificate.chain = null
	ssl.keystore.key = null
	ssl.keystore.location = null
	ssl.keystore.password = null
	ssl.keystore.type = JKS
	ssl.protocol = TLSv1.3
	ssl.provider = null
	ssl.secure.random.implementation = null
	ssl.trustmanager.algorithm = PKIX
	ssl.truststore.certificates = null
	ssl.truststore.location = null
	ssl.truststore.password = null
	ssl.truststore.type = JKS
	transaction.timeout.ms = 60000
	transactional.id = null
	value.serializer = class org.apache.kafka.common.serialization.StringSerializer

2024-11-27T19:13:35.388+07:00  INFO 19181 --- [ntainer#0-0-C-1] o.a.k.c.t.i.KafkaMetricsCollector        : initializing Kafka metrics collector
2024-11-27T19:13:36.498+07:00  INFO 19181 --- [ntainer#0-0-C-1] o.a.k.clients.producer.KafkaProducer     : [Producer clientId=producer-1] Instantiated an idempotent producer.
2024-11-27T19:13:36.554+07:00  INFO 19181 --- [ntainer#0-0-C-1] o.a.kafka.common.utils.AppInfoParser     : Kafka version: 3.7.1
2024-11-27T19:13:36.554+07:00  INFO 19181 --- [ntainer#0-0-C-1] o.a.kafka.common.utils.AppInfoParser     : Kafka commitId: e2494e6ffb89f828
2024-11-27T19:13:36.554+07:00  INFO 19181 --- [ntainer#0-0-C-1] o.a.kafka.common.utils.AppInfoParser     : Kafka startTimeMs: 1732709616554
2024-11-27T19:13:36.605+07:00  INFO 19181 --- [ad | producer-1] org.apache.kafka.clients.Metadata        : [Producer clientId=producer-1] Cluster ID: rs0KtrdkQsGY2gwAHle7dQ
2024-11-27T19:13:36.607+07:00  INFO 19181 --- [ad | producer-1] o.a.k.c.p.internals.TransactionManager   : [Producer clientId=producer-1] ProducerId set to 2002 with epoch 0
Hibernate: select u1_0.id,u1_0.name,u1_0.photourl,u1_0.token from users_info u1_0 where u1_0.token=?
getInfo: User found
Hibernate: select u1_0.id,u1_0.name,u1_0.photourl,u1_0.token from users_info u1_0 where u1_0.token=?
getInfo: User found
updateToken key: null value: {"status":false,"id":null,"token":"bde0b99c-efc7-4cb5-994b-dabf27366387","token_name":"custom-auth-token"}
Hibernate: select u1_0.id,u1_0.name,u1_0.photourl,u1_0.token from users_info u1_0 where u1_0.id=?
user not found: 0
updateToken key: null value: {"status":false,"id":null,"token":"b5ef1ec2-04e9-4262-b574-a18c29b92090","token_name":"custom-auth-token"}
Hibernate: select u1_0.id,u1_0.name,u1_0.photourl,u1_0.token from users_info u1_0 where u1_0.id=?
user not found: 0
Hibernate: select u1_0.id,u1_0.name,u1_0.photourl,u1_0.token from users_info u1_0 where u1_0.token=?
getInfo: User found
Hibernate: select u1_0.id,u1_0.name,u1_0.photourl,u1_0.token from users_info u1_0 where u1_0.token=?
getInfo: User found
updateToken key: null value: {"status":false,"id":null,"token":"e660a6d8-90a3-4ecb-b62a-0a1c9c13b2eb","token_name":"custom-auth-token"}
Hibernate: select u1_0.id,u1_0.name,u1_0.photourl,u1_0.token from users_info u1_0 where u1_0.id=?
user not found: 0
updateToken key: null value: {"status":false,"id":null,"token":"b2b045f4-d846-435b-9744-ddccf6937ef6","token_name":"custom-auth-token"}
Hibernate: select u1_0.id,u1_0.name,u1_0.photourl,u1_0.token from users_info u1_0 where u1_0.id=?
user not found: 0
Hibernate: select u1_0.id,u1_0.name,u1_0.photourl,u1_0.token from users_info u1_0 where u1_0.token=?
getInfo User not found: null
updateToken key: null value: {"status":false,"id":null,"token":"d3af48d7-0a9f-4b6d-8b11-d08ae8bff8d7","token_name":"custom-auth-token"}
Hibernate: select u1_0.id,u1_0.name,u1_0.photourl,u1_0.token from users_info u1_0 where u1_0.id=?
user not found: 0
Hibernate: select u1_0.id,u1_0.name,u1_0.photourl,u1_0.token from users_info u1_0 where u1_0.token=?
getInfo User not found: null
2024-11-27T19:22:29.245+07:00  INFO 19181 --- [ntainer#1-0-C-1] org.apache.kafka.clients.NetworkClient   : [Consumer clientId=consumer-apigateway-2, groupId=apigateway] Node -1 disconnected.
2024-11-27T19:22:29.245+07:00  INFO 19181 --- [ntainer#0-0-C-1] org.apache.kafka.clients.NetworkClient   : [Consumer clientId=consumer-auth_service-1, groupId=auth_service] Node -1 disconnected.
Hibernate: select u1_0.id,u1_0.name,u1_0.photourl,u1_0.token from users_info u1_0 where u1_0.token=?
getInfo User not found: null
2024-11-27T19:22:40.525+07:00  INFO 19181 --- [ad | producer-1] org.apache.kafka.clients.NetworkClient   : [Producer clientId=producer-1] Node -1 disconnected.
Hibernate: select u1_0.id,u1_0.name,u1_0.photourl,u1_0.token from users_info u1_0 where u1_0.token=?
getInfo User not found: null
updateToken key: null value: {"status":false,"id":null,"token":"04d32fce-b00a-442c-a337-3cb0e97d9ce4","token_name":"custom-auth-token"}
Hibernate: select u1_0.id,u1_0.name,u1_0.photourl,u1_0.token from users_info u1_0 where u1_0.id=?
user not found: 0
Hibernate: select u1_0.id,u1_0.name,u1_0.photourl,u1_0.token from users_info u1_0 where u1_0.token=?
getInfo User not found: null
updateToken key: null value: {"status":false,"id":null,"token":"0ec3b306-45d5-4773-b377-53a758475e05","token_name":"custom-auth-token"}
Hibernate: select u1_0.id,u1_0.name,u1_0.photourl,u1_0.token from users_info u1_0 where u1_0.id=?
user not found: 0
updateToken key: null value: {"status":false,"id":null,"token":"179e8b2b-96ef-4f21-9004-d5af43f1cd54","token_name":"custom-auth-token"}
Hibernate: select u1_0.id,u1_0.name,u1_0.photourl,u1_0.token from users_info u1_0 where u1_0.id=?
user not found: 0
updateToken key: null value: {"status":false,"id":null,"token":"5b5d9f4d-49c9-44fc-9129-8befb517ec4a","token_name":"custom-auth-token"}
Hibernate: select u1_0.id,u1_0.name,u1_0.photourl,u1_0.token from users_info u1_0 where u1_0.id=?
user not found: 0
Hibernate: select u1_0.id,u1_0.name,u1_0.photourl,u1_0.token from users_info u1_0 where u1_0.token=?
getInfo User not found: 0
updateToken key: 0 value: reboot
Failed to parse message: Unrecognized token 'reboot': was expecting (JSON String, Number, Array, Object or token 'null', 'true' or 'false')
 at [Source: REDACTED (`StreamReadFeature.INCLUDE_SOURCE_IN_LOCATION` disabled); line: 1, column: 7]
Hibernate: select u1_0.id,u1_0.name,u1_0.photourl,u1_0.token from users_info u1_0 where u1_0.id=?
user not found: 0
2024-11-27T19:27:18.784+07:00  INFO 19181 --- [ntainer#1-0-C-1] o.a.k.c.c.internals.ConsumerCoordinator  : [Consumer clientId=consumer-apigateway-2, groupId=apigateway] Request joining group due to: group is already rebalancing
2024-11-27T19:27:18.786+07:00  INFO 19181 --- [ntainer#1-0-C-1] k.c.c.i.ConsumerRebalanceListenerInvoker : [Consumer clientId=consumer-apigateway-2, groupId=apigateway] Revoke previously assigned partitions auth_response-0
2024-11-27T19:27:18.788+07:00  INFO 19181 --- [ntainer#1-0-C-1] o.s.k.l.KafkaMessageListenerContainer    : apigateway: partitions revoked: [auth_response-0]
2024-11-27T19:27:18.789+07:00  INFO 19181 --- [ntainer#1-0-C-1] o.a.k.c.c.internals.ConsumerCoordinator  : [Consumer clientId=consumer-apigateway-2, groupId=apigateway] (Re-)joining group
2024-11-27T19:27:18.802+07:00  INFO 19181 --- [ntainer#1-0-C-1] o.a.k.c.c.internals.ConsumerCoordinator  : [Consumer clientId=consumer-apigateway-2, groupId=apigateway] Successfully joined group with generation Generation{generationId=14, memberId='consumer-apigateway-2-0211fd5f-aef5-4c2d-8350-b89c7a3ac823', protocol='range'}
2024-11-27T19:27:19.068+07:00  INFO 19181 --- [ntainer#1-0-C-1] o.a.k.c.c.internals.ConsumerCoordinator  : [Consumer clientId=consumer-apigateway-2, groupId=apigateway] Successfully synced group in generation Generation{generationId=14, memberId='consumer-apigateway-2-0211fd5f-aef5-4c2d-8350-b89c7a3ac823', protocol='range'}
2024-11-27T19:27:19.069+07:00  INFO 19181 --- [ntainer#1-0-C-1] o.a.k.c.c.internals.ConsumerCoordinator  : [Consumer clientId=consumer-apigateway-2, groupId=apigateway] Notifying assignor about the new Assignment(partitions=[auth_response-0])
2024-11-27T19:27:19.069+07:00  INFO 19181 --- [ntainer#1-0-C-1] k.c.c.i.ConsumerRebalanceListenerInvoker : [Consumer clientId=consumer-apigateway-2, groupId=apigateway] Adding newly assigned partitions: auth_response-0
2024-11-27T19:27:19.079+07:00  INFO 19181 --- [ntainer#1-0-C-1] o.a.k.c.c.internals.ConsumerUtils        : Setting offset for partition auth_response-0 to the committed offset FetchPosition{offset=776, offsetEpoch=Optional.empty, currentLeader=LeaderAndEpoch{leader=Optional[37.194.168.90:9092 (id: 1 rack: null)], epoch=0}}
2024-11-27T19:27:19.080+07:00  INFO 19181 --- [ntainer#1-0-C-1] o.s.k.l.KafkaMessageListenerContainer    : apigateway: partitions assigned: [auth_response-0]
Hibernate: select u1_0.id,u1_0.name,u1_0.photourl,u1_0.token from users_info u1_0 where u1_0.token=?
getInfo User not found: true
updateToken key: null value: {"status":false,"id":null,"token":"0aa37085-9024-4554-a261-f23f8167046a","token_name":"custom-auth-token"}
Hibernate: select u1_0.id,u1_0.name,u1_0.photourl,u1_0.token from users_info u1_0 where u1_0.id=?
user not found: 0
Hibernate: select u1_0.id,u1_0.name,u1_0.photourl,u1_0.token from users_info u1_0 where u1_0.token=?
getInfo User not found: null
updateToken key: null value: {"status":false,"id":null,"token":"3632d90c-799b-420e-b337-fb688d744233","token_name":"custom-auth-token"}
Hibernate: select u1_0.id,u1_0.name,u1_0.photourl,u1_0.token from users_info u1_0 where u1_0.id=?
user not found: 0
updateToken key: null value: {"status":false,"id":null,"token":"3e365139-2875-4703-9841-17a88cd1fab2","token_name":"custom-auth-token"}
Hibernate: select u1_0.id,u1_0.name,u1_0.photourl,u1_0.token from users_info u1_0 where u1_0.id=?
user not found: 0
updateToken key: null value: {"status":false,"id":null,"token":"ae0610a2-1556-444b-9df4-6a38bfc347c0","token_name":"custom-auth-token"}
Hibernate: select u1_0.id,u1_0.name,u1_0.photourl,u1_0.token from users_info u1_0 where u1_0.id=?
user not found: 0
2024-11-27T19:28:27.830+07:00  INFO 19181 --- [ntainer#1-0-C-1] o.a.k.c.c.internals.ConsumerCoordinator  : [Consumer clientId=consumer-apigateway-2, groupId=apigateway] Request joining group due to: group is already rebalancing
2024-11-27T19:28:27.831+07:00  INFO 19181 --- [ntainer#1-0-C-1] k.c.c.i.ConsumerRebalanceListenerInvoker : [Consumer clientId=consumer-apigateway-2, groupId=apigateway] Revoke previously assigned partitions auth_response-0
2024-11-27T19:28:27.832+07:00  INFO 19181 --- [ntainer#1-0-C-1] o.s.k.l.KafkaMessageListenerContainer    : apigateway: partitions revoked: [auth_response-0]
2024-11-27T19:28:27.832+07:00  INFO 19181 --- [ntainer#1-0-C-1] o.a.k.c.c.internals.ConsumerCoordinator  : [Consumer clientId=consumer-apigateway-2, groupId=apigateway] (Re-)joining group
2024-11-27T19:28:27.937+07:00  INFO 19181 --- [ntainer#1-0-C-1] o.a.k.c.c.internals.ConsumerCoordinator  : [Consumer clientId=consumer-apigateway-2, groupId=apigateway] Successfully joined group with generation Generation{generationId=15, memberId='consumer-apigateway-2-0211fd5f-aef5-4c2d-8350-b89c7a3ac823', protocol='range'}
2024-11-27T19:28:28.143+07:00  INFO 19181 --- [ntainer#1-0-C-1] o.a.k.c.c.internals.ConsumerCoordinator  : [Consumer clientId=consumer-apigateway-2, groupId=apigateway] Successfully synced group in generation Generation{generationId=15, memberId='consumer-apigateway-2-0211fd5f-aef5-4c2d-8350-b89c7a3ac823', protocol='range'}
2024-11-27T19:28:28.144+07:00  INFO 19181 --- [ntainer#1-0-C-1] o.a.k.c.c.internals.ConsumerCoordinator  : [Consumer clientId=consumer-apigateway-2, groupId=apigateway] Notifying assignor about the new Assignment(partitions=[auth_response-0])
2024-11-27T19:28:28.144+07:00  INFO 19181 --- [ntainer#1-0-C-1] k.c.c.i.ConsumerRebalanceListenerInvoker : [Consumer clientId=consumer-apigateway-2, groupId=apigateway] Adding newly assigned partitions: auth_response-0
2024-11-27T19:28:28.162+07:00  INFO 19181 --- [ntainer#1-0-C-1] o.a.k.c.c.internals.ConsumerUtils        : Setting offset for partition auth_response-0 to the committed offset FetchPosition{offset=780, offsetEpoch=Optional.empty, currentLeader=LeaderAndEpoch{leader=Optional[37.194.168.90:9092 (id: 1 rack: null)], epoch=0}}
2024-11-27T19:28:28.163+07:00  INFO 19181 --- [ntainer#1-0-C-1] o.s.k.l.KafkaMessageListenerContainer    : apigateway: partitions assigned: [auth_response-0]
updateToken key: null value: {"status":false,"id":null,"token":"7674576b-bbbd-4321-aa7e-3d793802e6ea","token_name":"custom-auth-token"}
Hibernate: select u1_0.id,u1_0.name,u1_0.photourl,u1_0.token from users_info u1_0 where u1_0.id=?
user not found: 0
2024-11-27T19:32:29.321+07:00  INFO 19181 --- [ntainer#0-0-C-1] org.apache.kafka.clients.NetworkClient   : [Consumer clientId=consumer-auth_service-1, groupId=auth_service] Node -1 disconnected.
2024-11-27T19:32:29.321+07:00  INFO 19181 --- [ntainer#1-0-C-1] org.apache.kafka.clients.NetworkClient   : [Consumer clientId=consumer-apigateway-2, groupId=apigateway] Node -1 disconnected.
2024-11-27T19:32:36.876+07:00  INFO 19181 --- [ad | producer-1] org.apache.kafka.clients.NetworkClient   : [Producer clientId=producer-1] Node -1 disconnected.
updateToken key: 0 value: reboot
Failed to parse message: Unrecognized token 'reboot': was expecting (JSON String, Number, Array, Object or token 'null', 'true' or 'false')
 at [Source: REDACTED (`StreamReadFeature.INCLUDE_SOURCE_IN_LOCATION` disabled); line: 1, column: 7]
Hibernate: select u1_0.id,u1_0.name,u1_0.photourl,u1_0.token from users_info u1_0 where u1_0.id=?
user not found: 0
2024-11-27T19:40:13.187+07:00  INFO 19181 --- [ntainer#1-0-C-1] o.a.k.c.c.internals.ConsumerCoordinator  : [Consumer clientId=consumer-apigateway-2, groupId=apigateway] Request joining group due to: group is already rebalancing
2024-11-27T19:40:13.188+07:00  INFO 19181 --- [ntainer#1-0-C-1] k.c.c.i.ConsumerRebalanceListenerInvoker : [Consumer clientId=consumer-apigateway-2, groupId=apigateway] Revoke previously assigned partitions auth_response-0
2024-11-27T19:40:13.188+07:00  INFO 19181 --- [ntainer#1-0-C-1] o.s.k.l.KafkaMessageListenerContainer    : apigateway: partitions revoked: [auth_response-0]
2024-11-27T19:40:13.189+07:00  INFO 19181 --- [ntainer#1-0-C-1] o.a.k.c.c.internals.ConsumerCoordinator  : [Consumer clientId=consumer-apigateway-2, groupId=apigateway] (Re-)joining group
2024-11-27T19:40:28.107+07:00  INFO 19181 --- [ntainer#1-0-C-1] o.a.k.c.c.internals.ConsumerCoordinator  : [Consumer clientId=consumer-apigateway-2, groupId=apigateway] Successfully joined group with generation Generation{generationId=16, memberId='consumer-apigateway-2-0211fd5f-aef5-4c2d-8350-b89c7a3ac823', protocol='range'}
2024-11-27T19:40:28.171+07:00  INFO 19181 --- [ntainer#1-0-C-1] o.a.k.c.c.internals.ConsumerCoordinator  : [Consumer clientId=consumer-apigateway-2, groupId=apigateway] Successfully synced group in generation Generation{generationId=16, memberId='consumer-apigateway-2-0211fd5f-aef5-4c2d-8350-b89c7a3ac823', protocol='range'}
2024-11-27T19:40:28.172+07:00  INFO 19181 --- [ntainer#1-0-C-1] o.a.k.c.c.internals.ConsumerCoordinator  : [Consumer clientId=consumer-apigateway-2, groupId=apigateway] Notifying assignor about the new Assignment(partitions=[auth_response-0])
2024-11-27T19:40:28.172+07:00  INFO 19181 --- [ntainer#1-0-C-1] k.c.c.i.ConsumerRebalanceListenerInvoker : [Consumer clientId=consumer-apigateway-2, groupId=apigateway] Adding newly assigned partitions: auth_response-0
2024-11-27T19:40:28.184+07:00  INFO 19181 --- [ntainer#1-0-C-1] o.a.k.c.c.internals.ConsumerUtils        : Setting offset for partition auth_response-0 to the committed offset FetchPosition{offset=782, offsetEpoch=Optional.empty, currentLeader=LeaderAndEpoch{leader=Optional[37.194.168.90:9092 (id: 1 rack: null)], epoch=0}}
2024-11-27T19:40:28.185+07:00  INFO 19181 --- [ntainer#1-0-C-1] o.s.k.l.KafkaMessageListenerContainer    : apigateway: partitions assigned: [auth_response-0]
updateToken key: 548a1856-607b-4258-8f11-838f8f218f2b value: {"user_id":1,"token":"b7eb5492-01eb-4ffa-9a78-2d8300589da6","token_name":"authToken","status":"OK","message":""}
Hibernate: select u1_0.id,u1_0.name,u1_0.photourl,u1_0.token from users_info u1_0 where u1_0.id=?
update user: 1 admin
Hibernate: select u1_0.id,u1_0.name,u1_0.photourl,u1_0.token from users_info u1_0 where u1_0.id=?
Hibernate: update users_info set name=?,photourl=?,token=? where id=?
Hibernate: select u1_0.id,u1_0.name,u1_0.photourl,u1_0.token from users_info u1_0 where u1_0.token=?
getInfo: User found
updateToken key: 9a5c9ef9-aacb-4fae-9cb4-1d38df59dd62 value: {"user_id":1,"token":"","token_name":"authToken","status":"OK","message":""}
Hibernate: select u1_0.id,u1_0.name,u1_0.photourl,u1_0.token from users_info u1_0 where u1_0.id=?
update user: 1 admin
Hibernate: select u1_0.id,u1_0.name,u1_0.photourl,u1_0.token from users_info u1_0 where u1_0.id=?
Hibernate: update users_info set name=?,photourl=?,token=? where id=?
Hibernate: select u1_0.id,u1_0.name,u1_0.photourl,u1_0.token from users_info u1_0 where u1_0.token=?
getInfo User not found: b7eb5492-01eb-4ffa-9a78-2d8300589da6
updateToken key: 2e50f314-7f5d-4e0f-af0b-f6f97584f9a2 value: {"user_id":1,"token":"0071013a-cbe8-440c-b03c-de9365ee6192","token_name":"authToken","status":"OK","message":""}
Hibernate: select u1_0.id,u1_0.name,u1_0.photourl,u1_0.token from users_info u1_0 where u1_0.id=?
update user: 1 admin
Hibernate: select u1_0.id,u1_0.name,u1_0.photourl,u1_0.token from users_info u1_0 where u1_0.id=?
Hibernate: update users_info set name=?,photourl=?,token=? where id=?
Hibernate: select u1_0.id,u1_0.name,u1_0.photourl,u1_0.token from users_info u1_0 where u1_0.token=?
getInfo: User found
updateToken key: 0 value: reboot
Failed to parse message: Unrecognized token 'reboot': was expecting (JSON String, Number, Array, Object or token 'null', 'true' or 'false')
 at [Source: REDACTED (`StreamReadFeature.INCLUDE_SOURCE_IN_LOCATION` disabled); line: 1, column: 7]
Hibernate: select u1_0.id,u1_0.name,u1_0.photourl,u1_0.token from users_info u1_0 where u1_0.id=?
user not found: 0
updateToken key: 0 value: reboot
Failed to parse message: Unrecognized token 'reboot': was expecting (JSON String, Number, Array, Object or token 'null', 'true' or 'false')
 at [Source: REDACTED (`StreamReadFeature.INCLUDE_SOURCE_IN_LOCATION` disabled); line: 1, column: 7]
Hibernate: select u1_0.id,u1_0.name,u1_0.photourl,u1_0.token from users_info u1_0 where u1_0.id=?
user not found: 0
Hibernate: select u1_0.id,u1_0.name,u1_0.photourl,u1_0.token from users_info u1_0 where u1_0.token=?
getInfo User not found: null "
Hibernate: select u1_0.id,u1_0.name,u1_0.photourl,u1_0.token from users_info u1_0 where u1_0.token=?
getInfo User not found: "null" OR "1"="1"
updateToken key: 0 value: reboot
Failed to parse message: Unrecognized token 'reboot': was expecting (JSON String, Number, Array, Object or token 'null', 'true' or 'false')
 at [Source: REDACTED (`StreamReadFeature.INCLUDE_SOURCE_IN_LOCATION` disabled); line: 1, column: 7]
Hibernate: select u1_0.id,u1_0.name,u1_0.photourl,u1_0.token from users_info u1_0 where u1_0.id=?
user not found: 0
Hibernate: select u1_0.id,u1_0.name,u1_0.photourl,u1_0.token from users_info u1_0 where u1_0.token=?
getInfo User not found: "null" OR "x"="x" -- "
Hibernate: select u1_0.id,u1_0.name,u1_0.photourl,u1_0.token from users_info u1_0 where u1_0.token=?
getInfo: User found
Hibernate: select u1_0.id,u1_0.name,u1_0.photourl,u1_0.token from users_info u1_0 where u1_0.token=?
getInfo User not found: $(echo "true")
Hibernate: select u1_0.id,u1_0.name,u1_0.photourl,u1_0.token from users_info u1_0 where u1_0.token=?
getInfo User not found: $(echo "true")
Hibernate: select u1_0.id,u1_0.name,u1_0.photourl,u1_0.token from users_info u1_0 where u1_0.token=?
getInfo User not found: $(echo "true")
Hibernate: select u1_0.id,u1_0.name,u1_0.photourl,u1_0.token from users_info u1_0 where u1_0.token=?
getInfo User not found: $(echo "true")
Hibernate: select u1_0.id,u1_0.name,u1_0.photourl,u1_0.token from users_info u1_0 where u1_0.token=?
getInfo User not found: $(echo "true")
Hibernate: select u1_0.id,u1_0.name,u1_0.photourl,u1_0.token from users_info u1_0 where u1_0.token=?
getInfo User not found: $(echo "true")
Hibernate: select u1_0.id,u1_0.name,u1_0.photourl,u1_0.token from users_info u1_0 where u1_0.token=?
getInfo User not found: $(echo "true")
Hibernate: select u1_0.id,u1_0.name,u1_0.photourl,u1_0.token from users_info u1_0 where u1_0.token=?
getInfo User not found: $(echo true)
updateToken key: 0 value: reboot
Failed to parse message: Unrecognized token 'reboot': was expecting (JSON String, Number, Array, Object or token 'null', 'true' or 'false')
 at [Source: REDACTED (`StreamReadFeature.INCLUDE_SOURCE_IN_LOCATION` disabled); line: 1, column: 7]
Hibernate: select u1_0.id,u1_0.name,u1_0.photourl,u1_0.token from users_info u1_0 where u1_0.id=?
user not found: 0
updateToken key: 0 value: reboot
Failed to parse message: Unrecognized token 'reboot': was expecting (JSON String, Number, Array, Object or token 'null', 'true' or 'false')
 at [Source: REDACTED (`StreamReadFeature.INCLUDE_SOURCE_IN_LOCATION` disabled); line: 1, column: 7]
Hibernate: select u1_0.id,u1_0.name,u1_0.photourl,u1_0.token from users_info u1_0 where u1_0.id=?
user not found: 0
updateToken key: 0 value: reboot
Failed to parse message: Unrecognized token 'reboot': was expecting (JSON String, Number, Array, Object or token 'null', 'true' or 'false')
 at [Source: REDACTED (`StreamReadFeature.INCLUDE_SOURCE_IN_LOCATION` disabled); line: 1, column: 7]
Hibernate: select u1_0.id,u1_0.name,u1_0.photourl,u1_0.token from users_info u1_0 where u1_0.id=?
user not found: 0
updateToken key: 0 value: reboot
Failed to parse message: Unrecognized token 'reboot': was expecting (JSON String, Number, Array, Object or token 'null', 'true' or 'false')
 at [Source: REDACTED (`StreamReadFeature.INCLUDE_SOURCE_IN_LOCATION` disabled); line: 1, column: 7]
Hibernate: select u1_0.id,u1_0.name,u1_0.photourl,u1_0.token from users_info u1_0 where u1_0.id=?
user not found: 0
2024-11-27T20:15:27.252+07:00  INFO 19181 --- [ntainer#0-0-C-1] o.a.k.c.c.internals.ConsumerCoordinator  : [Consumer clientId=consumer-auth_service-1, groupId=auth_service] Request joining group due to: group is already rebalancing
2024-11-27T20:15:27.253+07:00  INFO 19181 --- [ntainer#0-0-C-1] k.c.c.i.ConsumerRebalanceListenerInvoker : [Consumer clientId=consumer-auth_service-1, groupId=auth_service] Revoke previously assigned partitions user_info-0
2024-11-27T20:15:27.253+07:00  INFO 19181 --- [ntainer#0-0-C-1] o.s.k.l.KafkaMessageListenerContainer    : auth_service: partitions revoked: [user_info-0]
2024-11-27T20:15:27.253+07:00  INFO 19181 --- [ntainer#0-0-C-1] o.a.k.c.c.internals.ConsumerCoordinator  : [Consumer clientId=consumer-auth_service-1, groupId=auth_service] (Re-)joining group
2024-11-27T20:15:27.260+07:00  INFO 19181 --- [ntainer#0-0-C-1] o.a.k.c.c.internals.ConsumerCoordinator  : [Consumer clientId=consumer-auth_service-1, groupId=auth_service] Successfully joined group with generation Generation{generationId=300, memberId='consumer-auth_service-1-e5a47453-bd27-4f39-9da6-b3293b79c4cc', protocol='range'}
2024-11-27T20:15:27.279+07:00  INFO 19181 --- [ntainer#0-0-C-1] o.a.k.c.c.internals.ConsumerCoordinator  : [Consumer clientId=consumer-auth_service-1, groupId=auth_service] Finished assignment for group at generation 300: {consumer-auth_service-1-e5a47453-bd27-4f39-9da6-b3293b79c4cc=Assignment(partitions=[user_info-0])}
2024-11-27T20:15:27.290+07:00  INFO 19181 --- [ntainer#0-0-C-1] o.a.k.c.c.internals.ConsumerCoordinator  : [Consumer clientId=consumer-auth_service-1, groupId=auth_service] Successfully synced group in generation Generation{generationId=300, memberId='consumer-auth_service-1-e5a47453-bd27-4f39-9da6-b3293b79c4cc', protocol='range'}
2024-11-27T20:15:27.291+07:00  INFO 19181 --- [ntainer#0-0-C-1] o.a.k.c.c.internals.ConsumerCoordinator  : [Consumer clientId=consumer-auth_service-1, groupId=auth_service] Notifying assignor about the new Assignment(partitions=[user_info-0])
2024-11-27T20:15:27.292+07:00  INFO 19181 --- [ntainer#0-0-C-1] k.c.c.i.ConsumerRebalanceListenerInvoker : [Consumer clientId=consumer-auth_service-1, groupId=auth_service] Adding newly assigned partitions: user_info-0
2024-11-27T20:15:27.300+07:00  INFO 19181 --- [ntainer#0-0-C-1] o.a.k.c.c.internals.ConsumerUtils        : Setting offset for partition user_info-0 to the committed offset FetchPosition{offset=1410, offsetEpoch=Optional.empty, currentLeader=LeaderAndEpoch{leader=Optional[37.194.168.90:9092 (id: 1 rack: null)], epoch=0}}
2024-11-27T20:15:27.302+07:00  INFO 19181 --- [ntainer#0-0-C-1] o.s.k.l.KafkaMessageListenerContainer    : auth_service: partitions assigned: [user_info-0]
updateToken key: 0 value: reboot
Failed to parse message: Unrecognized token 'reboot': was expecting (JSON String, Number, Array, Object or token 'null', 'true' or 'false')
 at [Source: REDACTED (`StreamReadFeature.INCLUDE_SOURCE_IN_LOCATION` disabled); line: 1, column: 7]
Hibernate: select u1_0.id,u1_0.name,u1_0.photourl,u1_0.token from users_info u1_0 where u1_0.id=?
user not found: 0
updateToken key: 0 value: reboot
Failed to parse message: Unrecognized token 'reboot': was expecting (JSON String, Number, Array, Object or token 'null', 'true' or 'false')
 at [Source: REDACTED (`StreamReadFeature.INCLUDE_SOURCE_IN_LOCATION` disabled); line: 1, column: 7]
Hibernate: select u1_0.id,u1_0.name,u1_0.photourl,u1_0.token from users_info u1_0 where u1_0.id=?
user not found: 0
updateToken key: 0 value: reboot
Failed to parse message: Unrecognized token 'reboot': was expecting (JSON String, Number, Array, Object or token 'null', 'true' or 'false')
 at [Source: REDACTED (`StreamReadFeature.INCLUDE_SOURCE_IN_LOCATION` disabled); line: 1, column: 7]
Hibernate: select u1_0.id,u1_0.name,u1_0.photourl,u1_0.token from users_info u1_0 where u1_0.id=?
user not found: 0
updateToken key: 0 value: reboot
Failed to parse message: Unrecognized token 'reboot': was expecting (JSON String, Number, Array, Object or token 'null', 'true' or 'false')
 at [Source: REDACTED (`StreamReadFeature.INCLUDE_SOURCE_IN_LOCATION` disabled); line: 1, column: 7]
Hibernate: select u1_0.id,u1_0.name,u1_0.photourl,u1_0.token from users_info u1_0 where u1_0.id=?
user not found: 0
updateToken key: 0 value: reboot
Failed to parse message: Unrecognized token 'reboot': was expecting (JSON String, Number, Array, Object or token 'null', 'true' or 'false')
 at [Source: REDACTED (`StreamReadFeature.INCLUDE_SOURCE_IN_LOCATION` disabled); line: 1, column: 7]
Hibernate: select u1_0.id,u1_0.name,u1_0.photourl,u1_0.token from users_info u1_0 where u1_0.id=?
user not found: 0
updateToken key: 0 value: reboot
Failed to parse message: Unrecognized token 'reboot': was expecting (JSON String, Number, Array, Object or token 'null', 'true' or 'false')
 at [Source: REDACTED (`StreamReadFeature.INCLUDE_SOURCE_IN_LOCATION` disabled); line: 1, column: 7]
Hibernate: select u1_0.id,u1_0.name,u1_0.photourl,u1_0.token from users_info u1_0 where u1_0.id=?
user not found: 0
updateToken key: 0 value: reboot
Failed to parse message: Unrecognized token 'reboot': was expecting (JSON String, Number, Array, Object or token 'null', 'true' or 'false')
 at [Source: REDACTED (`StreamReadFeature.INCLUDE_SOURCE_IN_LOCATION` disabled); line: 1, column: 7]
Hibernate: select u1_0.id,u1_0.name,u1_0.photourl,u1_0.token from users_info u1_0 where u1_0.id=?
user not found: 0
updateToken key: 0 value: reboot
Failed to parse message: Unrecognized token 'reboot': was expecting (JSON String, Number, Array, Object or token 'null', 'true' or 'false')
 at [Source: REDACTED (`StreamReadFeature.INCLUDE_SOURCE_IN_LOCATION` disabled); line: 1, column: 7]
Hibernate: select u1_0.id,u1_0.name,u1_0.photourl,u1_0.token from users_info u1_0 where u1_0.id=?
user not found: 0
updateToken key: 0 value: reboot
Failed to parse message: Unrecognized token 'reboot': was expecting (JSON String, Number, Array, Object or token 'null', 'true' or 'false')
 at [Source: REDACTED (`StreamReadFeature.INCLUDE_SOURCE_IN_LOCATION` disabled); line: 1, column: 7]
Hibernate: select u1_0.id,u1_0.name,u1_0.photourl,u1_0.token from users_info u1_0 where u1_0.id=?
user not found: 0
updateToken key: 0 value: reboot
Failed to parse message: Unrecognized token 'reboot': was expecting (JSON String, Number, Array, Object or token 'null', 'true' or 'false')
 at [Source: REDACTED (`StreamReadFeature.INCLUDE_SOURCE_IN_LOCATION` disabled); line: 1, column: 7]
Hibernate: select u1_0.id,u1_0.name,u1_0.photourl,u1_0.token from users_info u1_0 where u1_0.id=?
user not found: 0
2024-11-27T21:05:36.966+07:00  INFO 19181 --- [ntainer#0-0-C-1] o.a.k.c.c.internals.ConsumerCoordinator  : [Consumer clientId=consumer-auth_service-1, groupId=auth_service] Request joining group due to: group is already rebalancing
2024-11-27T21:05:36.967+07:00  INFO 19181 --- [ntainer#0-0-C-1] k.c.c.i.ConsumerRebalanceListenerInvoker : [Consumer clientId=consumer-auth_service-1, groupId=auth_service] Revoke previously assigned partitions user_info-0
2024-11-27T21:05:36.967+07:00  INFO 19181 --- [ntainer#0-0-C-1] o.s.k.l.KafkaMessageListenerContainer    : auth_service: partitions revoked: [user_info-0]
2024-11-27T21:05:36.967+07:00  INFO 19181 --- [ntainer#0-0-C-1] o.a.k.c.c.internals.ConsumerCoordinator  : [Consumer clientId=consumer-auth_service-1, groupId=auth_service] (Re-)joining group
2024-11-27T21:05:36.973+07:00  INFO 19181 --- [ntainer#0-0-C-1] o.a.k.c.c.internals.ConsumerCoordinator  : [Consumer clientId=consumer-auth_service-1, groupId=auth_service] Successfully joined group with generation Generation{generationId=301, memberId='consumer-auth_service-1-e5a47453-bd27-4f39-9da6-b3293b79c4cc', protocol='range'}
2024-11-27T21:05:37.150+07:00  INFO 19181 --- [ntainer#0-0-C-1] o.a.k.c.c.internals.ConsumerCoordinator  : [Consumer clientId=consumer-auth_service-1, groupId=auth_service] Finished assignment for group at generation 301: {consumer-auth_service-1-e5a47453-bd27-4f39-9da6-b3293b79c4cc=Assignment(partitions=[user_info-0]), consumer-auth_service-2-cb64709d-d5d8-4e23-835f-63362244096e=Assignment(partitions=[auth_response-0])}
2024-11-27T21:05:37.161+07:00  INFO 19181 --- [ntainer#0-0-C-1] o.a.k.c.c.internals.ConsumerCoordinator  : [Consumer clientId=consumer-auth_service-1, groupId=auth_service] Successfully synced group in generation Generation{generationId=301, memberId='consumer-auth_service-1-e5a47453-bd27-4f39-9da6-b3293b79c4cc', protocol='range'}
2024-11-27T21:05:37.161+07:00  INFO 19181 --- [ntainer#0-0-C-1] o.a.k.c.c.internals.ConsumerCoordinator  : [Consumer clientId=consumer-auth_service-1, groupId=auth_service] Notifying assignor about the new Assignment(partitions=[user_info-0])
2024-11-27T21:05:37.162+07:00  INFO 19181 --- [ntainer#0-0-C-1] k.c.c.i.ConsumerRebalanceListenerInvoker : [Consumer clientId=consumer-auth_service-1, groupId=auth_service] Adding newly assigned partitions: user_info-0
2024-11-27T21:05:37.171+07:00  INFO 19181 --- [ntainer#0-0-C-1] o.a.k.c.c.internals.ConsumerUtils        : Setting offset for partition user_info-0 to the committed offset FetchPosition{offset=1410, offsetEpoch=Optional.empty, currentLeader=LeaderAndEpoch{leader=Optional[37.194.168.90:9092 (id: 1 rack: null)], epoch=0}}
2024-11-27T21:05:37.172+07:00  INFO 19181 --- [ntainer#0-0-C-1] o.s.k.l.KafkaMessageListenerContainer    : auth_service: partitions assigned: [user_info-0]
Hibernate: select u1_0.id,u1_0.name,u1_0.photourl,u1_0.token from users_info u1_0 where u1_0.token=?
getInfo User not found: null
updateToken key: 0 value: reboot
Failed to parse message: Unrecognized token 'reboot': was expecting (JSON String, Number, Array, Object or token 'null', 'true' or 'false')
 at [Source: REDACTED (`StreamReadFeature.INCLUDE_SOURCE_IN_LOCATION` disabled); line: 1, column: 7]
Hibernate: select u1_0.id,u1_0.name,u1_0.photourl,u1_0.token from users_info u1_0 where u1_0.id=?
user not found: 0
Hibernate: select u1_0.id,u1_0.name,u1_0.photourl,u1_0.token from users_info u1_0 where u1_0.token=?
getInfo User not found: null
Hibernate: select u1_0.id,u1_0.name,u1_0.photourl,u1_0.token from users_info u1_0 where u1_0.token=?
getInfo User not found: null
updateToken key: 0 value: reboot
Failed to parse message: Unrecognized token 'reboot': was expecting (JSON String, Number, Array, Object or token 'null', 'true' or 'false')
 at [Source: REDACTED (`StreamReadFeature.INCLUDE_SOURCE_IN_LOCATION` disabled); line: 1, column: 7]
Hibernate: select u1_0.id,u1_0.name,u1_0.photourl,u1_0.token from users_info u1_0 where u1_0.id=?
user not found: 0
Hibernate: select u1_0.id,u1_0.name,u1_0.photourl,u1_0.token from users_info u1_0 where u1_0.token=?
getInfo User not found: null
Hibernate: select u1_0.id,u1_0.name,u1_0.photourl,u1_0.token from users_info u1_0 where u1_0.token=?
getInfo User not found: null
updateToken key: 0 value: reboot
Failed to parse message: Unrecognized token 'reboot': was expecting (JSON String, Number, Array, Object or token 'null', 'true' or 'false')
 at [Source: REDACTED (`StreamReadFeature.INCLUDE_SOURCE_IN_LOCATION` disabled); line: 1, column: 7]
Hibernate: select u1_0.id,u1_0.name,u1_0.photourl,u1_0.token from users_info u1_0 where u1_0.id=?
user not found: 0
updateToken key: 954ad46c-f72a-4be1-a14f-2ea5e48643db value: {"user_id":1,"token":"","token_name":"authToken","status":"OK","message":""}
Hibernate: select u1_0.id,u1_0.name,u1_0.photourl,u1_0.token from users_info u1_0 where u1_0.id=?
update user: 1 admin
Hibernate: select u1_0.id,u1_0.name,u1_0.photourl,u1_0.token from users_info u1_0 where u1_0.id=?
Hibernate: update users_info set name=?,photourl=?,token=? where id=?
Hibernate: select u1_0.id,u1_0.name,u1_0.photourl,u1_0.token from users_info u1_0 where u1_0.token=?
getInfo User not found: 0071013a-cbe8-440c-b03c-de9365ee6192
updateToken key: 50ea2cb9-7397-4cf5-8623-f28e4382b18f value: {"user_id":0,"token":"837643c6-57bd-4b07-9123-545a80a1d724","token_name":"authToken","status":"NOT_FOUND","message":"User not found"}
Hibernate: select u1_0.id,u1_0.name,u1_0.photourl,u1_0.token from users_info u1_0 where u1_0.id=?
user not found: 0
updateToken key: c818241e-8579-498e-87d5-e85e64ad8e64 value: {"user_id":1,"token":"ae08c731-d0e3-4df3-aadd-48ef81cf314f","token_name":"authToken","status":"OK","message":""}
Hibernate: select u1_0.id,u1_0.name,u1_0.photourl,u1_0.token from users_info u1_0 where u1_0.id=?
update user: 1 admin
Hibernate: select u1_0.id,u1_0.name,u1_0.photourl,u1_0.token from users_info u1_0 where u1_0.id=?
Hibernate: select u1_0.id,u1_0.name,u1_0.photourl,u1_0.token from users_info u1_0 where u1_0.token=?
Hibernate: update users_info set name=?,photourl=?,token=? where id=?
getInfo User not found: ae08c731-d0e3-4df3-aadd-48ef81cf314f
updateToken key: 0 value: reboot
Failed to parse message: Unrecognized token 'reboot': was expecting (JSON String, Number, Array, Object or token 'null', 'true' or 'false')
 at [Source: REDACTED (`StreamReadFeature.INCLUDE_SOURCE_IN_LOCATION` disabled); line: 1, column: 7]
Hibernate: select u1_0.id,u1_0.name,u1_0.photourl,u1_0.token from users_info u1_0 where u1_0.id=?
user not found: 0
Hibernate: select u1_0.id,u1_0.name,u1_0.photourl,u1_0.token from users_info u1_0 where u1_0.token=?
getInfo: User found
Hibernate: select u1_0.id,u1_0.name,u1_0.photourl,u1_0.token from users_info u1_0 where u1_0.token=?
getInfo: User found
Hibernate: select u1_0.id,u1_0.name,u1_0.photourl,u1_0.token from users_info u1_0 where u1_0.token=?
getInfo: User found
updateToken key: fcfd8da2-9a8c-4d1c-ac60-bef62773f4c9 value: {"user_id":1,"token":"","token_name":"authToken","status":"OK","message":""}
Hibernate: select u1_0.id,u1_0.name,u1_0.photourl,u1_0.token from users_info u1_0 where u1_0.id=?
update user: 1 admin
Hibernate: select u1_0.id,u1_0.name,u1_0.photourl,u1_0.token from users_info u1_0 where u1_0.id=?
Hibernate: select u1_0.id,u1_0.name,u1_0.photourl,u1_0.token from users_info u1_0 where u1_0.token=?
Hibernate: update users_info set name=?,photourl=?,token=? where id=?
getInfo: User found
Hibernate: select u1_0.id,u1_0.name,u1_0.photourl,u1_0.token from users_info u1_0 where u1_0.token=?
getInfo User not found: ae08c731-d0e3-4df3-aadd-48ef81cf314f
updateToken key: 50972ff6-ea38-43a9-a3d7-ef07032ee394 value: {"user_id":1,"token":"96ad2561-e797-4076-b61e-0400a81a7dd2","token_name":"authToken","status":"OK","message":""}
Hibernate: select u1_0.id,u1_0.name,u1_0.photourl,u1_0.token from users_info u1_0 where u1_0.id=?
update user: 1 admin
Hibernate: select u1_0.id,u1_0.name,u1_0.photourl,u1_0.token from users_info u1_0 where u1_0.id=?
Hibernate: select u1_0.id,u1_0.name,u1_0.photourl,u1_0.token from users_info u1_0 where u1_0.token=?
Hibernate: update users_info set name=?,photourl=?,token=? where id=?
getInfo User not found: 96ad2561-e797-4076-b61e-0400a81a7dd2
updateToken key: f3bdf14b-c53a-4b86-b74e-ad8cfd4d862b value: {"user_id":1,"token":"648a5ccf-6090-4b67-a0cd-13a94bf9fd89","token_name":"authToken","status":"OK","message":""}
Hibernate: select u1_0.id,u1_0.name,u1_0.photourl,u1_0.token from users_info u1_0 where u1_0.id=?
update user: 1 admin
Hibernate: select u1_0.id,u1_0.name,u1_0.photourl,u1_0.token from users_info u1_0 where u1_0.id=?
Hibernate: select u1_0.id,u1_0.name,u1_0.photourl,u1_0.token from users_info u1_0 where u1_0.token=?
Hibernate: update users_info set name=?,photourl=?,token=? where id=?
getInfo User not found: 648a5ccf-6090-4b67-a0cd-13a94bf9fd89
Hibernate: select u1_0.id,u1_0.name,u1_0.photourl,u1_0.token from users_info u1_0 where u1_0.token=?
getInfo: User found
updateToken key: 73e74724-05ed-4313-ad5c-ee46b4ad6a4b value: {"user_id":1,"token":"","token_name":"authToken","status":"OK","message":""}
Hibernate: select u1_0.id,u1_0.name,u1_0.photourl,u1_0.token from users_info u1_0 where u1_0.id=?
update user: 1 admin
Hibernate: select u1_0.id,u1_0.name,u1_0.photourl,u1_0.token from users_info u1_0 where u1_0.id=?
Hibernate: update users_info set name=?,photourl=?,token=? where id=?
Hibernate: select u1_0.id,u1_0.name,u1_0.photourl,u1_0.token from users_info u1_0 where u1_0.token=?
getInfo User not found: 648a5ccf-6090-4b67-a0cd-13a94bf9fd89
updateToken key: e66d96f2-8e46-4ab1-a892-4fb1d0fdd30f value: {"user_id":1,"token":"504e2682-98db-4d87-8928-3e5d6608250a","token_name":"authToken","status":"OK","message":""}
Hibernate: select u1_0.id,u1_0.name,u1_0.photourl,u1_0.token from users_info u1_0 where u1_0.id=?
update user: 1 admin
Hibernate: select u1_0.id,u1_0.name,u1_0.photourl,u1_0.token from users_info u1_0 where u1_0.id=?
Hibernate: update users_info set name=?,photourl=?,token=? where id=?
Hibernate: select u1_0.id,u1_0.name,u1_0.photourl,u1_0.token from users_info u1_0 where u1_0.token=?
getInfo: User found
updateToken key: d3cb406b-048a-419a-a6bf-ae89c1266a9d value: {"user_id":1,"token":"","token_name":"authToken","status":"OK","message":""}
Hibernate: select u1_0.id,u1_0.name,u1_0.photourl,u1_0.token from users_info u1_0 where u1_0.id=?
update user: 1 admin
Hibernate: select u1_0.id,u1_0.name,u1_0.photourl,u1_0.token from users_info u1_0 where u1_0.id=?
Hibernate: update users_info set name=?,photourl=?,token=? where id=?
Hibernate: select u1_0.id,u1_0.name,u1_0.photourl,u1_0.token from users_info u1_0 where u1_0.token=?
getInfo User not found: 504e2682-98db-4d87-8928-3e5d6608250a
updateToken key: 10c8c266-b04d-4662-a090-2a1ca5fc9741 value: {"user_id":1,"token":"fc10cecb-c9f7-41a4-ad01-1e2dc23dbba7","token_name":"authToken","status":"OK","message":""}
Hibernate: select u1_0.id,u1_0.name,u1_0.photourl,u1_0.token from users_info u1_0 where u1_0.id=?
update user: 1 admin
Hibernate: select u1_0.id,u1_0.name,u1_0.photourl,u1_0.token from users_info u1_0 where u1_0.id=?
Hibernate: select u1_0.id,u1_0.name,u1_0.photourl,u1_0.token from users_info u1_0 where u1_0.token=?
Hibernate: update users_info set name=?,photourl=?,token=? where id=?
getInfo User not found: fc10cecb-c9f7-41a4-ad01-1e2dc23dbba7
updateToken key: 0 value: reboot
Failed to parse message: Unrecognized token 'reboot': was expecting (JSON String, Number, Array, Object or token 'null', 'true' or 'false')
 at [Source: REDACTED (`StreamReadFeature.INCLUDE_SOURCE_IN_LOCATION` disabled); line: 1, column: 7]
Hibernate: select u1_0.id,u1_0.name,u1_0.photourl,u1_0.token from users_info u1_0 where u1_0.id=?
user not found: 0
updateToken key: 0 value: reboot
Failed to parse message: Unrecognized token 'reboot': was expecting (JSON String, Number, Array, Object or token 'null', 'true' or 'false')
 at [Source: REDACTED (`StreamReadFeature.INCLUDE_SOURCE_IN_LOCATION` disabled); line: 1, column: 7]
Hibernate: select u1_0.id,u1_0.name,u1_0.photourl,u1_0.token from users_info u1_0 where u1_0.id=?
user not found: 0
updateToken key: ac6fc5ff-ffa3-4802-be1c-89ed488bf824 value: {"user_id":1,"token":"7151c3d2-4eb9-4289-a8f5-4e63a485abb9","token_name":"authToken","status":"OK","message":""}
Hibernate: select u1_0.id,u1_0.name,u1_0.photourl,u1_0.token from users_info u1_0 where u1_0.id=?
update user: 1 admin
Hibernate: select u1_0.id,u1_0.name,u1_0.photourl,u1_0.token from users_info u1_0 where u1_0.id=?
Hibernate: update users_info set name=?,photourl=?,token=? where id=?
Hibernate: select u1_0.id,u1_0.name,u1_0.photourl,u1_0.token from users_info u1_0 where u1_0.token=?
getInfo: User found
updateToken key: 0 value: reboot
Failed to parse message: Unrecognized token 'reboot': was expecting (JSON String, Number, Array, Object or token 'null', 'true' or 'false')
 at [Source: REDACTED (`StreamReadFeature.INCLUDE_SOURCE_IN_LOCATION` disabled); line: 1, column: 7]
Hibernate: select u1_0.id,u1_0.name,u1_0.photourl,u1_0.token from users_info u1_0 where u1_0.id=?
user not found: 0
2024-11-27T21:44:14.123+07:00  INFO 19181 --- [ntainer#1-0-C-1] k.c.c.i.ConsumerRebalanceListenerInvoker : [Consumer clientId=consumer-apigateway-2, groupId=apigateway] Revoke previously assigned partitions auth_response-0
2024-11-27T21:44:14.124+07:00  INFO 19181 --- [ntainer#1-0-C-1] o.s.k.l.KafkaMessageListenerContainer    : apigateway: partitions revoked: [auth_response-0]
2024-11-27T21:44:14.124+07:00  INFO 19181 --- [ntainer#1-0-C-1] o.a.k.c.c.internals.ConsumerCoordinator  : [Consumer clientId=consumer-apigateway-2, groupId=apigateway] Member consumer-apigateway-2-0211fd5f-aef5-4c2d-8350-b89c7a3ac823 sending LeaveGroup request to coordinator 37.194.168.90:9092 (id: 2147483646 rack: null) due to the consumer unsubscribed from all topics
2024-11-27T21:44:14.121+07:00  INFO 19181 --- [ntainer#0-0-C-1] k.c.c.i.ConsumerRebalanceListenerInvoker : [Consumer clientId=consumer-auth_service-1, groupId=auth_service] Revoke previously assigned partitions user_info-0
2024-11-27T21:44:14.131+07:00  INFO 19181 --- [ntainer#0-0-C-1] o.s.k.l.KafkaMessageListenerContainer    : auth_service: partitions revoked: [user_info-0]
2024-11-27T21:44:14.131+07:00  INFO 19181 --- [ntainer#0-0-C-1] o.a.k.c.c.internals.ConsumerCoordinator  : [Consumer clientId=consumer-auth_service-1, groupId=auth_service] Member consumer-auth_service-1-e5a47453-bd27-4f39-9da6-b3293b79c4cc sending LeaveGroup request to coordinator 37.194.168.90:9092 (id: 2147483646 rack: null) due to the consumer unsubscribed from all topics
2024-11-27T21:44:14.133+07:00  INFO 19181 --- [ntainer#1-0-C-1] o.a.k.c.c.internals.ConsumerCoordinator  : [Consumer clientId=consumer-apigateway-2, groupId=apigateway] Resetting generation and member id due to: consumer pro-actively leaving the group
2024-11-27T21:44:14.134+07:00  INFO 19181 --- [ntainer#1-0-C-1] o.a.k.c.c.internals.ConsumerCoordinator  : [Consumer clientId=consumer-apigateway-2, groupId=apigateway] Request joining group due to: consumer pro-actively leaving the group
2024-11-27T21:44:14.134+07:00  INFO 19181 --- [ntainer#1-0-C-1] o.a.k.c.c.internals.LegacyKafkaConsumer  : [Consumer clientId=consumer-apigateway-2, groupId=apigateway] Unsubscribed all topics or patterns and assigned partitions
2024-11-27T21:44:14.138+07:00  INFO 19181 --- [ntainer#0-0-C-1] o.a.k.c.c.internals.ConsumerCoordinator  : [Consumer clientId=consumer-auth_service-1, groupId=auth_service] Resetting generation and member id due to: consumer pro-actively leaving the group
2024-11-27T21:44:14.139+07:00  INFO 19181 --- [ntainer#0-0-C-1] o.a.k.c.c.internals.ConsumerCoordinator  : [Consumer clientId=consumer-auth_service-1, groupId=auth_service] Request joining group due to: consumer pro-actively leaving the group
2024-11-27T21:44:14.139+07:00  INFO 19181 --- [ntainer#0-0-C-1] o.a.k.c.c.internals.LegacyKafkaConsumer  : [Consumer clientId=consumer-auth_service-1, groupId=auth_service] Unsubscribed all topics or patterns and assigned partitions
2024-11-27T21:44:14.258+07:00  INFO 19181 --- [ntainer#0-0-C-1] o.a.k.c.c.internals.ConsumerCoordinator  : [Consumer clientId=consumer-auth_service-1, groupId=auth_service] Resetting generation and member id due to: consumer pro-actively leaving the group
2024-11-27T21:44:14.258+07:00  INFO 19181 --- [ntainer#1-0-C-1] o.a.k.c.c.internals.ConsumerCoordinator  : [Consumer clientId=consumer-apigateway-2, groupId=apigateway] Resetting generation and member id due to: consumer pro-actively leaving the group
2024-11-27T21:44:14.258+07:00  INFO 19181 --- [ntainer#1-0-C-1] o.a.k.c.c.internals.ConsumerCoordinator  : [Consumer clientId=consumer-apigateway-2, groupId=apigateway] Request joining group due to: consumer pro-actively leaving the group
2024-11-27T21:44:14.258+07:00  INFO 19181 --- [ntainer#0-0-C-1] o.a.k.c.c.internals.ConsumerCoordinator  : [Consumer clientId=consumer-auth_service-1, groupId=auth_service] Request joining group due to: consumer pro-actively leaving the group
2024-11-27T21:44:14.277+07:00  INFO 19181 --- [ntainer#0-0-C-1] o.apache.kafka.common.metrics.Metrics    : Metrics scheduler closed
2024-11-27T21:44:14.278+07:00  INFO 19181 --- [ntainer#0-0-C-1] o.apache.kafka.common.metrics.Metrics    : Closing reporter org.apache.kafka.common.metrics.JmxReporter
2024-11-27T21:44:14.278+07:00  INFO 19181 --- [ntainer#0-0-C-1] o.apache.kafka.common.metrics.Metrics    : Closing reporter org.apache.kafka.common.telemetry.internals.ClientTelemetryReporter
2024-11-27T21:44:14.280+07:00  INFO 19181 --- [ntainer#0-0-C-1] o.apache.kafka.common.metrics.Metrics    : Metrics reporters closed
2024-11-27T21:44:14.279+07:00  INFO 19181 --- [ntainer#1-0-C-1] o.apache.kafka.common.metrics.Metrics    : Metrics scheduler closed
2024-11-27T21:44:14.281+07:00  INFO 19181 --- [ntainer#1-0-C-1] o.apache.kafka.common.metrics.Metrics    : Closing reporter org.apache.kafka.common.metrics.JmxReporter
2024-11-27T21:44:14.283+07:00  INFO 19181 --- [ntainer#1-0-C-1] o.apache.kafka.common.metrics.Metrics    : Closing reporter org.apache.kafka.common.telemetry.internals.ClientTelemetryReporter
2024-11-27T21:44:14.283+07:00  INFO 19181 --- [ntainer#1-0-C-1] o.apache.kafka.common.metrics.Metrics    : Metrics reporters closed
2024-11-27T21:44:14.317+07:00  INFO 19181 --- [ntainer#0-0-C-1] o.a.kafka.common.utils.AppInfoParser     : App info kafka.consumer for consumer-auth_service-1 unregistered
2024-11-27T21:44:14.318+07:00  INFO 19181 --- [ntainer#1-0-C-1] o.a.kafka.common.utils.AppInfoParser     : App info kafka.consumer for consumer-apigateway-2 unregistered
2024-11-27T21:44:14.320+07:00  INFO 19181 --- [ntainer#0-0-C-1] o.s.k.l.KafkaMessageListenerContainer    : auth_service: Consumer stopped
2024-11-27T21:44:14.323+07:00  INFO 19181 --- [ntainer#1-0-C-1] o.s.k.l.KafkaMessageListenerContainer    : apigateway: Consumer stopped
2024-11-27T21:44:14.406+07:00  INFO 19181 --- [ionShutdownHook] o.a.k.clients.producer.KafkaProducer     : [Producer clientId=producer-1] Closing the Kafka producer with timeoutMillis = 30000 ms.
2024-11-27T21:44:14.424+07:00  INFO 19181 --- [ionShutdownHook] o.apache.kafka.common.metrics.Metrics    : Metrics scheduler closed
2024-11-27T21:44:14.425+07:00  INFO 19181 --- [ionShutdownHook] o.apache.kafka.common.metrics.Metrics    : Closing reporter org.apache.kafka.common.metrics.JmxReporter
2024-11-27T21:44:14.425+07:00  INFO 19181 --- [ionShutdownHook] o.apache.kafka.common.metrics.Metrics    : Closing reporter org.apache.kafka.common.telemetry.internals.ClientTelemetryReporter
2024-11-27T21:44:14.425+07:00  INFO 19181 --- [ionShutdownHook] o.apache.kafka.common.metrics.Metrics    : Metrics reporters closed
2024-11-27T21:44:14.427+07:00  INFO 19181 --- [ionShutdownHook] o.a.kafka.common.utils.AppInfoParser     : App info kafka.producer for producer-1 unregistered
2024-11-27T21:44:14.439+07:00  INFO 19181 --- [ionShutdownHook] j.LocalContainerEntityManagerFactoryBean : Closing JPA EntityManagerFactory for persistence unit 'default'
2024-11-27T21:44:14.880+07:00  INFO 19181 --- [ionShutdownHook] com.zaxxer.hikari.HikariDataSource       : HikariPool-1 - Shutdown initiated...
2024-11-27T21:44:17.230+07:00  INFO 19181 --- [ionShutdownHook] com.zaxxer.hikari.HikariDataSource       : HikariPool-1 - Shutdown completed.
